<?xml version="1.0" encoding="UTF-8" ?>
<testsuite errors="0" failures="3" hostname="exjobb5" name="org.jmodelica.test.junitgenerated.RedeclareTests" tests="54" time="8.93" timestamp="2008-11-13T14:02:18">
  <properties>
    <property name="java.vendor" value="Sun Microsystems Inc." />
    <property name="sun.java.launcher" value="SUN_STANDARD" />
    <property name="eclipse.pdebuild.templates" value="/home/cower/eclipse/plugins/org.eclipse.pde.build_3.4.1.R34x_v20080805/templates//" />
    <property name="sun.management.compiler" value="HotSpot Tiered Compilers" />
    <property name="os.name" value="Linux" />
    <property name="sun.boot.class.path" value="/usr/lib/jvm/java-1.6.0-sun-1.6.0.06/jre/lib/resources.jar:/usr/lib/jvm/java-1.6.0-sun-1.6.0.06/jre/lib/rt.jar:/usr/lib/jvm/java-1.6.0-sun-1.6.0.06/jre/lib/sunrsasign.jar:/usr/lib/jvm/java-1.6.0-sun-1.6.0.06/jre/lib/jsse.jar:/usr/lib/jvm/java-1.6.0-sun-1.6.0.06/jre/lib/jce.jar:/usr/lib/jvm/java-1.6.0-sun-1.6.0.06/jre/lib/charsets.jar:/usr/lib/jvm/java-1.6.0-sun-1.6.0.06/jre/classes" />
    <property name="beaver" value="src/third-party/beaver" />
    <property name="java.vm.specification.vendor" value="Sun Microsystems Inc." />
    <property name="ant.home" value="/home/cower/eclipse/plugins/org.apache.ant_1.7.0.v200803061910" />
    <property name="java.runtime.version" value="1.6.0_06-b02" />
    <property name="user.name" value="cower" />
    <property name="parser_output" value="src/java-generated/org/jmodelica/parser" />
    <property name="debug" value="src/java/org/jmodelica/debug" />
    <property name="base_output" value="src/java-generated" />
    <property name="user.language" value="en" />
    <property name="sun.boot.library.path" value="/usr/lib/jvm/java-1.6.0-sun-1.6.0.06/jre/lib/i386" />
    <property name="ant.project.name" value="JModelica" />
    <property name="java.version" value="1.6.0_06" />
    <property name="user.timezone" value="" />
    <property name="sun.arch.data.model" value="32" />
    <property name="java.endorsed.dirs" value="/usr/lib/jvm/java-1.6.0-sun-1.6.0.06/jre/lib/endorsed" />
    <property name="sun.cpu.isalist" value="" />
    <property name="sun.jnu.encoding" value="ISO-8859-1" />
    <property name="file.encoding.pkg" value="sun.io" />
    <property name="file.separator" value="/" />
    <property name="java.specification.name" value="Java Platform API Specification" />
    <property name="java.class.version" value="50.0" />
    <property name="user.country" value="US" />
    <property name="java.home" value="/usr/lib/jvm/java-1.6.0-sun-1.6.0.06/jre" />
    <property name="java.vm.info" value="mixed mode" />
    <property name="ant.file" value="/home/cower/workspace/JModelica/build.xml" />
    <property name="os.version" value="2.6.27.4-desktop-1mnb" />
    <property name="tools" value="lib" />
    <property name="test_src_dir" value="src/test/test-framework" />
    <property name="path.separator" value=":" />
    <property name="java.vm.version" value="10.0-b22" />
    <property name="ant.library.dir" value="/home/cower/eclipse/plugins/org.apache.ant_1.7.0.v200803061910/lib" />
    <property name="java.awt.printerjob" value="sun.print.PSPrinterJob" />
    <property name="sun.io.unicode.encoding" value="UnicodeLittle" />
    <property name="eclipse.pdebuild.scripts" value="/home/cower/eclipse/plugins/org.eclipse.pde.build_3.4.1.R34x_v20080805/scripts//" />
    <property name="user.home" value="/home/cower" />
    <property name="parser" value="src/parser" />
    <property name="java.specification.vendor" value="Sun Microsystems Inc." />
    <property name="java.library.path" value="/usr/lib/jvm/java-1.6.0-sun-1.6.0.06/jre/lib/i386/server:/usr/lib/jvm/java-1.6.0-sun-1.6.0.06/jre/lib/i386:/usr/lib/jvm/java-1.6.0-sun-1.6.0.06/jre/../lib/i386:/usr/lib/jvm/java-1.6.0-sun-1.6.0.06/jre/lib/i386/client:/usr/lib/jvm/java-1.6.0-sun-1.6.0.06/jre/lib/i386:/usr/lib/xulrunner-1.9:/usr/lib/xulrunner-1.9:/usr/java/packages/lib/i386:/lib:/usr/lib" />
    <property name="ant.file.JModelica" value="/home/cower/workspace/JModelica/build.xml" />
    <property name="java.vendor.url" value="http://java.sun.com/" />
    <property name="java.vm.vendor" value="Sun Microsystems Inc." />
    <property name="test_benchmarks" value="src/test/benchmarks" />
    <property name="java.runtime.name" value="Java(TM) SE Runtime Environment" />
    <property name="java.class.path" value="/home/cower/workspace/JModelica/lib/junit-4.4.jar:/home/cower/workspace/JModelica/bin/jmodelica.jar:/home/cower/workspace/JModelica/bin/junit-tests.jar:/home/cower/eclipse/plugins/org.apache.ant_1.7.0.v200803061910/lib/ant-launcher.jar:/home/cower/eclipse/plugins/org.apache.ant_1.7.0.v200803061910/lib/ant.jar:/home/cower/eclipse/plugins/org.apache.ant_1.7.0.v200803061910/lib/ant-junit.jar" />
    <property name="ant.version" value="Apache Ant version 1.7.0 compiled on December 13 2006" />
    <property name="applications" value="src/java/org/jmodelica/applications" />
    <property name="test_junit_dir" value="src/test/junit" />
    <property name="ast" value="src/jastadd" />
    <property name="java.vm.specification.name" value="Java Virtual Machine Specification" />
    <property name="java.vm.specification.version" value="1.0" />
    <property name="sun.cpu.endian" value="little" />
    <property name="test_junit-gen_dir" value="src/test/junit-generated" />
    <property name="sun.os.patch.level" value="unknown" />
    <property name="eclipse.pdebuild.home" value="/home/cower/eclipse/plugins/org.eclipse.pde.build_3.4.1.R34x_v20080805/.//" />
    <property name="java.io.tmpdir" value="/tmp" />
    <property name="java.vendor.url.bug" value="http://java.sun.com/cgi-bin/bugreport.cgi" />
    <property name="os.arch" value="i386" />
    <property name="java.awt.graphicsenv" value="sun.awt.X11GraphicsEnvironment" />
    <property name="ast_package" value="org.jmodelica.ast" />
    <property name="java.ext.dirs" value="/usr/lib/jvm/java-1.6.0-sun-1.6.0.06/jre/lib/ext:/usr/java/packages/lib/ext" />
    <property name="user.dir" value="/home/cower/workspace/JModelica" />
    <property name="line.separator" value="
" />
    <property name="default_src_dir" value="src/java" />
    <property name="java.vm.name" value="Java HotSpot(TM) Server VM" />
    <property name="basedir" value="/home/cower/workspace/JModelica" />
    <property name="ant.java.version" value="1.6" />
    <property name="ant.core.lib" value="/home/cower/eclipse/plugins/org.apache.ant_1.7.0.v200803061910/lib/ant.jar" />
    <property name="file.encoding" value="ISO-8859-1" />
    <property name="java.specification.version" value="1.6" />
  </properties>
  <testcase classname="org.jmodelica.test.junitgenerated.RedeclareTests" name="RedeclareTestOx1" time="0.212" />
  <testcase classname="org.jmodelica.test.junitgenerated.RedeclareTests" name="RedeclareTestOx2_Err" time="0.133" />
  <testcase classname="org.jmodelica.test.junitgenerated.RedeclareTests" name="RedeclareTestOx3" time="0.184" />
  <testcase classname="org.jmodelica.test.junitgenerated.RedeclareTests" name="RedeclareTestOx4_Err" time="0.132" />
  <testcase classname="org.jmodelica.test.junitgenerated.RedeclareTests" name="RedeclareTestOx5" time="0.226" />
  <testcase classname="org.jmodelica.test.junitgenerated.RedeclareTests" name="RedeclareTestOx65_Err" time="0.129" />
  <testcase classname="org.jmodelica.test.junitgenerated.RedeclareTests" name="RedeclareTestOx8" time="0.106" />
  <testcase classname="org.jmodelica.test.junitgenerated.RedeclareTests" name="RedeclareTestOx9_Err" time="0.187" />
  <testcase classname="org.jmodelica.test.junitgenerated.RedeclareTests" name="RedeclareTestOx95_Err" time="0.121" />
  <testcase classname="org.jmodelica.test.junitgenerated.RedeclareTests" name="RedeclareTestOx10" time="0.103">
    <failure type="junit.framework.AssertionFailedError">junit.framework.AssertionFailedError: 
	at org.jmodelica.test.junitgenerated.RedeclareTests.RedeclareTestOx10(RedeclareTests.java:52)
</failure>
  </testcase>
  <testcase classname="org.jmodelica.test.junitgenerated.RedeclareTests" name="RedeclareTestOx11_Err" time="0.099">
    <failure type="junit.framework.AssertionFailedError">junit.framework.AssertionFailedError: 
	at org.jmodelica.test.junitgenerated.RedeclareTests.RedeclareTestOx11_Err(RedeclareTests.java:56)
</failure>
  </testcase>
  <testcase classname="org.jmodelica.test.junitgenerated.RedeclareTests" name="RedeclareTestOx115_Err" time="0.194" />
  <testcase classname="org.jmodelica.test.junitgenerated.RedeclareTests" name="RedeclareTestOx116_Err" time="0.094" />
  <testcase classname="org.jmodelica.test.junitgenerated.RedeclareTests" name="RedeclareTestOx12" time="0.102">
    <failure type="junit.framework.AssertionFailedError">junit.framework.AssertionFailedError: 
	at org.jmodelica.test.junitgenerated.RedeclareTests.RedeclareTestOx12(RedeclareTests.java:68)
</failure>
  </testcase>
  <testcase classname="org.jmodelica.test.junitgenerated.RedeclareTests" name="RedeclareTestOx13" time="0.104" />
  <testcase classname="org.jmodelica.test.junitgenerated.RedeclareTests" name="RedeclareTest_Constr_14_Err" time="0.23" />
  <testcase classname="org.jmodelica.test.junitgenerated.RedeclareTests" name="RedeclareTest_Constr_15_Err" time="0.139" />
  <testcase classname="org.jmodelica.test.junitgenerated.RedeclareTests" name="RedeclareTest_Constr_16_Err" time="0.14" />
  <testcase classname="org.jmodelica.test.junitgenerated.RedeclareTests" name="RedeclareTest_Constr_17_Err" time="0.138" />
  <testcase classname="org.jmodelica.test.junitgenerated.RedeclareTests" name="RedeclareTest_Constr_18_Err" time="0.097" />
  <testcase classname="org.jmodelica.test.junitgenerated.RedeclareTests" name="RedeclareTest_Classes_1" time="0.148" />
  <testcase classname="org.jmodelica.test.junitgenerated.RedeclareTests" name="RedeclareTest1" time="0.138" />
  <testcase classname="org.jmodelica.test.junitgenerated.RedeclareTests" name="RedeclareTest2" time="0.291" />
  <testcase classname="org.jmodelica.test.junitgenerated.RedeclareTests" name="RedeclareTest3" time="0.152" />
  <testcase classname="org.jmodelica.test.junitgenerated.RedeclareTests" name="RedeclareTest4" time="0.296" />
  <testcase classname="org.jmodelica.test.junitgenerated.RedeclareTests" name="RedeclareTest5" time="0.174" />
  <testcase classname="org.jmodelica.test.junitgenerated.RedeclareTests" name="RedeclareTest6" time="0.219" />
  <testcase classname="org.jmodelica.test.junitgenerated.RedeclareTests" name="RedeclareTest65_Err" time="0.104" />
  <testcase classname="org.jmodelica.test.junitgenerated.RedeclareTests" name="RedeclareTest7" time="0.123" />
  <testcase classname="org.jmodelica.test.junitgenerated.RedeclareTests" name="RedeclareTest9" time="0.155" />
  <testcase classname="org.jmodelica.test.junitgenerated.RedeclareTests" name="RedeclareTest95_Err" time="0.211" />
  <testcase classname="org.jmodelica.test.junitgenerated.RedeclareTests" name="RedeclareTest96_Err" time="0.139" />
  <testcase classname="org.jmodelica.test.junitgenerated.RedeclareTests" name="RedeclareTest97_Err" time="0.212" />
  <testcase classname="org.jmodelica.test.junitgenerated.RedeclareTests" name="RedeclareTest10" time="0.19" />
  <testcase classname="org.jmodelica.test.junitgenerated.RedeclareTests" name="RedeclareTest11" time="0.136" />
  <testcase classname="org.jmodelica.test.junitgenerated.RedeclareTests" name="RedeclareTest12" time="0.265" />
  <testcase classname="org.jmodelica.test.junitgenerated.RedeclareTests" name="RedeclareTest13" time="0.114" />
  <testcase classname="org.jmodelica.test.junitgenerated.RedeclareTests" name="RedeclareTest14" time="0.185" />
  <testcase classname="org.jmodelica.test.junitgenerated.RedeclareTests" name="RedeclareTest15" time="0.068" />
  <testcase classname="org.jmodelica.test.junitgenerated.RedeclareTests" name="RedeclareTest16" time="0.136" />
  <testcase classname="org.jmodelica.test.junitgenerated.RedeclareTests" name="RedeclareTest161" time="0.178" />
  <testcase classname="org.jmodelica.test.junitgenerated.RedeclareTests" name="RedeclareTest165" time="0.13" />
  <testcase classname="org.jmodelica.test.junitgenerated.RedeclareTests" name="RedeclareTest17" time="0.134" />
  <testcase classname="org.jmodelica.test.junitgenerated.RedeclareTests" name="RedeclareTest175" time="0.236" />
  <testcase classname="org.jmodelica.test.junitgenerated.RedeclareTests" name="RedeclareTest176" time="0.091" />
  <testcase classname="org.jmodelica.test.junitgenerated.RedeclareTests" name="RedeclareTest18" time="0.127" />
  <testcase classname="org.jmodelica.test.junitgenerated.RedeclareTests" name="RedeclareTest19" time="0.122" />
  <testcase classname="org.jmodelica.test.junitgenerated.RedeclareTests" name="RedeclareTest20" time="0.191" />
  <testcase classname="org.jmodelica.test.junitgenerated.RedeclareTests" name="RedeclareTest21" time="0.104" />
  <testcase classname="org.jmodelica.test.junitgenerated.RedeclareTests" name="RedeclareTest22" time="0.112" />
  <testcase classname="org.jmodelica.test.junitgenerated.RedeclareTests" name="RedeclareTest225" time="0.202" />
  <testcase classname="org.jmodelica.test.junitgenerated.RedeclareTests" name="RedeclareTest23" time="0.093" />
  <testcase classname="org.jmodelica.test.junitgenerated.RedeclareTests" name="RedeclareTest24" time="0.11" />
  <testcase classname="org.jmodelica.test.junitgenerated.RedeclareTests" name="RedeclareTest25" time="0.099" />
  <system-out><![CDATA[Running test: RedeclareTests.RedeclareTestOx1

Running test: RedeclareTests.RedeclareTestOx2_Err
Running test: RedeclareTests.RedeclareTestOx3

Running test: RedeclareTests.RedeclareTestOx4_Err
Running test: RedeclareTests.RedeclareTestOx5

Running test: RedeclareTests.RedeclareTestOx65_Err
Running test: RedeclareTests.RedeclareTestOx8

Running test: RedeclareTests.RedeclareTestOx9_Err
Running test: RedeclareTests.RedeclareTestOx95_Err
Running test: RedeclareTests.RedeclareTestOx10

1 error(s) found...
In file 'src/test/modelica/RedeclareTests.mo':
Semantic error at line 499, column 8:
  'redeclare D d(redeclare B c)' is not a subtype of 'replaceable D d extends D (redeclare replaceable C c)'

Running test: RedeclareTests.RedeclareTestOx11_Err
Running test: RedeclareTests.RedeclareTestOx115_Err
Running test: RedeclareTests.RedeclareTestOx116_Err
Running test: RedeclareTests.RedeclareTestOx12

1 error(s) found...
In file 'src/test/modelica/RedeclareTests.mo':
Semantic error at line 677, column 26:
  The component y is undeclared

Running test: RedeclareTests.RedeclareTestOx13

Running test: RedeclareTests.RedeclareTest_Constr_14_Err
Running test: RedeclareTests.RedeclareTest_Constr_15_Err
Running test: RedeclareTests.RedeclareTest_Constr_16_Err
Running test: RedeclareTests.RedeclareTest_Constr_17_Err
Running test: RedeclareTests.RedeclareTest_Constr_18_Err
Running test: RedeclareTests.RedeclareTest_Classes_1

Running test: RedeclareTests.RedeclareTest1

Running test: RedeclareTests.RedeclareTest2

Running test: RedeclareTests.RedeclareTest3

Running test: RedeclareTests.RedeclareTest4

Running test: RedeclareTests.RedeclareTest5

Running test: RedeclareTests.RedeclareTest6

Running test: RedeclareTests.RedeclareTest65_Err
Running test: RedeclareTests.RedeclareTest7

Running test: RedeclareTests.RedeclareTest9

Running test: RedeclareTests.RedeclareTest95_Err
Running test: RedeclareTests.RedeclareTest96_Err
Running test: RedeclareTests.RedeclareTest97_Err
Running test: RedeclareTests.RedeclareTest10

Running test: RedeclareTests.RedeclareTest11

Running test: RedeclareTests.RedeclareTest12

Running test: RedeclareTests.RedeclareTest13

Running test: RedeclareTests.RedeclareTest14

Running test: RedeclareTests.RedeclareTest15

Running test: RedeclareTests.RedeclareTest16

Running test: RedeclareTests.RedeclareTest161

Running test: RedeclareTests.RedeclareTest165

Running test: RedeclareTests.RedeclareTest17

Running test: RedeclareTests.RedeclareTest175

Running test: RedeclareTests.RedeclareTest176

Running test: RedeclareTests.RedeclareTest18

Running test: RedeclareTests.RedeclareTest19

Running test: RedeclareTests.RedeclareTest20

Running test: RedeclareTests.RedeclareTest21

Running test: RedeclareTests.RedeclareTest22

Running test: RedeclareTests.RedeclareTest225

Running test: RedeclareTests.RedeclareTest23

Running test: RedeclareTests.RedeclareTest24

Running test: RedeclareTests.RedeclareTest25

]]></system-out>
  <system-err><![CDATA[]]></system-err>
</testsuite>
